<?xml version="1.0" encoding="UTF-8"?>
<testsuite xmlns:xsi="http://www.w3.org/2001/XMLSchema-instance" xsi:noNamespaceSchemaLocation="https://maven.apache.org/surefire/maven-surefire-plugin/xsd/surefire-test-report.xsd" version="3.0.2" name="com.workgate.fdm.FdmApplicationTests" time="1.672" tests="1" errors="0" skipped="0" failures="0" flakes="0">
  <properties>
[...]
</properties>
  <testcase name="contextLoads" classname="com.workgate.fdm.FdmApplicationTests" time="0.421">
    <system-out><![CDATA[15:16:18.085 [main] INFO org.springframework.test.context.support.AnnotationConfigContextLoaderUtils -- Could not detect default configuration classes for test class [com.workgate.fdm.FdmApplicationTests]: FdmApplicationTests does not declare any static, non-private, non-final, nested classes annotated with @Configuration.
15:16:18.167 [main] INFO org.springframework.boot.test.context.SpringBootTestContextBootstrapper -- Found @SpringBootConfiguration com.workgate.fdm.FdmApplication for test class com.workgate.fdm.FdmApplicationTests

  .   ____          _            __ _ _
 /\\ / ___'_ __ _ _(_)_ __  __ _ \ \ \ \
( ( )\___ | '_ | '_| | '_ \/ _` | \ \ \ \
 \\/  ___)| |_)| | | | | || (_| |  ) ) ) )
  '  |____| .__|_| |_|_| |_\__, | / / / /
 =========|_|==============|___/=/_/_/_/

 :: Spring Boot ::               (v3.5.12)

2026-04-09T15:16:18.435+01:00  INFO 21764 --- [FDM] [           main] com.workgate.fdm.FdmApplicationTests     : Starting FdmApplicationTests using Java 25.0.2 with PID 21764 (started by damia in E:\WorkGate\WorkGate-backend\FDM)
2026-04-09T15:16:18.436+01:00  INFO 21764 --- [FDM] [           main] com.workgate.fdm.FdmApplicationTests     : No active profile set, falling back to 1 default profile: "default"
2026-04-09T15:16:19.222+01:00  INFO 21764 --- [FDM] [           main] com.workgate.fdm.FdmApplicationTests     : Started FdmApplicationTests in 0.961 seconds (process running for 1.594)
]]></system-out>
    <system-err><![CDATA[Mockito is currently self-attaching to enable the inline-mock-maker. This will no longer work in future releases of the JDK. Please add Mockito as an agent to your build as described in Mockito's documentation: https://javadoc.io/doc/org.mockito/mockito-core/latest/org.mockito/org/mockito/Mockito.html#0.3
WARNING: A Java agent has been loaded dynamically (C:\Users\damia\.m2\repository\net\bytebuddy\byte-buddy-agent\1.17.8\byte-buddy-agent-1.17.8.jar)
WARNING: If a serviceability tool is in use, please run with -XX:+EnableDynamicAgentLoading to hide this warning
WARNING: If a serviceability tool is not in use, please run with -Djdk.instrument.traceUsage for more information
WARNING: Dynamic loading of agents will be disallowed by default in a future release
]]></system-err>
  </testcase>
</testsuite>